# JRE version: Java(TM) SE Runtime Environment (19.0.2+7) (build 19.0.2+7-44)
# Java VM: Java HotSpot(TM) 64-Bit Server VM (19.0.2+7-44, mixed mode, sharing, tiered, compressed oops, compressed class ptrs, g1 gc, windows-amd64)
GC Precious Log:
 CardTable entry size: 512
 Card Set container configuration: InlinePtr #cards 4 size 8 Array Of Cards #cards 32 size 80 Howl #buckets 8 coarsen threshold 7372 Howl Bitmap #cards 1024 size 144 coarsen threshold 921 Card regions per heap region 1 cards per card region 8192
 CPUs: 4 total, 4 available
 Memory: 20263M
 Large Page Support: Disabled
 NUMA Support: Disabled
 Compressed Oops: Enabled (Zero based)
 Heap Region Size: 4M
 Heap Min Capacity: 8M
 Heap Initial Capacity: 320M
 Heap Max Capacity: 5068M
 Pre-touch: Disabled
 Parallel Workers: 4
 Concurrent Workers: 1
 Concurrent Refinement Workers: 4
 Periodic GC: Disabled
Heap:
 garbage-first heap   total 69632K, used 23758K [0x00000006c3400000, 0x0000000800000000)
  region size 4096K, 1 young (4096K), 1 survivors (4096K)
 Metaspace       used 47719K, committed 48384K, reserved 1114112K
  class space    used 6143K, committed 6464K, reserved 1048576K
GC Heap History (20 events):
Event: 0.487 GC heap after
{Heap after GC invocations=1 (full 0):
 garbage-first heap   total 327680K, used 4920K [0x00000006c3400000, 0x0000000800000000)
  region size 4096K, 1 young (4096K), 1 survivors (4096K)
 Metaspace       used 4967K, committed 5184K, reserved 1114112K
  class space    used 540K, committed 640K, reserved 1048576K
}
Event: 0.817 GC heap before
{Heap before GC invocations=1 (full 0):
 garbage-first heap   total 327680K, used 17208K [0x00000006c3400000, 0x0000000800000000)
  region size 4096K, 4 young (16384K), 1 survivors (4096K)
 Metaspace       used 8179K, committed 8384K, reserved 1114112K
  class space    used 980K, committed 1088K, reserved 1048576K
}
Event: 0.820 GC heap after
{Heap after GC invocations=2 (full 0):
 garbage-first heap   total 327680K, used 6270K [0x00000006c3400000, 0x0000000800000000)
  region size 4096K, 1 young (4096K), 1 survivors (4096K)
 Metaspace       used 8179K, committed 8384K, reserved 1114112K
  class space    used 980K, committed 1088K, reserved 1048576K
}
Event: 1.131 GC heap before
{Heap before GC invocations=2 (full 0):
 garbage-first heap   total 327680K, used 30846K [0x00000006c3400000, 0x0000000800000000)
  region size 4096K, 7 young (28672K), 1 survivors (4096K)
 Metaspace       used 14561K, committed 14848K, reserved 1114112K
  class space    used 1802K, committed 1920K, reserved 1048576K
}
Event: 1.134 GC heap after
{Heap after GC invocations=3 (full 0):
 garbage-first heap   total 327680K, used 8016K [0x00000006c3400000, 0x0000000800000000)
  region size 4096K, 1 young (4096K), 1 survivors (4096K)
 Metaspace       used 14561K, committed 14848K, reserved 1114112K
  class space    used 1802K, committed 1920K, reserved 1048576K
}
Event: 1.827 GC heap before
{Heap before GC invocations=3 (full 0):
 garbage-first heap   total 327680K, used 44880K [0x00000006c3400000, 0x0000000800000000)
  region size 4096K, 11 young (45056K), 1 survivors (4096K)
 Metaspace       used 21267K, committed 21504K, reserved 1114112K
  class space    used 2576K, committed 2688K, reserved 1048576K
}
Event: 1.834 GC heap after
{Heap after GC invocations=4 (full 0):
 garbage-first heap   total 327680K, used 11160K [0x00000006c3400000, 0x0000000800000000)
  region size 4096K, 2 young (8192K), 2 survivors (8192K)
 Metaspace       used 21267K, committed 21504K, reserved 1114112K
  class space    used 2576K, committed 2688K, reserved 1048576K
}
Event: 2.702 GC heap before
{Heap before GC invocations=5 (full 0):
 garbage-first heap   total 69632K, used 43928K [0x00000006c3400000, 0x0000000800000000)
  region size 4096K, 10 young (40960K), 2 survivors (8192K)
 Metaspace       used 27324K, committed 27712K, reserved 1114112K
  class space    used 3425K, committed 3584K, reserved 1048576K
}
Event: 2.713 GC heap after
{Heap after GC invocations=6 (full 0):
 garbage-first heap   total 69632K, used 14189K [0x00000006c3400000, 0x0000000800000000)
  region size 4096K, 2 young (8192K), 2 survivors (8192K)
 Metaspace       used 27324K, committed 27712K, reserved 1114112K
  class space    used 3425K, committed 3584K, reserved 1048576K
}
Event: 2.909 GC heap before
{Heap before GC invocations=6 (full 0):
 garbage-first heap   total 69632K, used 18285K [0x00000006c3400000, 0x0000000800000000)
  region size 4096K, 3 young (12288K), 2 survivors (8192K)
 Metaspace       used 28305K, committed 28736K, reserved 1114112K
  class space    used 3519K, committed 3712K, reserved 1048576K
}
Event: 2.919 GC heap after
{Heap after GC invocations=7 (full 0):
 garbage-first heap   total 69632K, used 14954K [0x00000006c3400000, 0x0000000800000000)
  region size 4096K, 1 young (4096K), 1 survivors (4096K)
 Metaspace       used 28305K, committed 28736K, reserved 1114112K
  class space    used 3519K, committed 3712K, reserved 1048576K
}
Event: 3.961 GC heap before
{Heap before GC invocations=7 (full 0):
 garbage-first heap   total 69632K, used 43626K [0x00000006c3400000, 0x0000000800000000)
  region size 4096K, 8 young (32768K), 1 survivors (4096K)
 Metaspace       used 35001K, committed 35456K, reserved 1114112K
  class space    used 4453K, committed 4672K, reserved 1048576K
}
Event: 3.967 GC heap after
{Heap after GC invocations=8 (full 0):
 garbage-first heap   total 69632K, used 16944K [0x00000006c3400000, 0x0000000800000000)
  region size 4096K, 1 young (4096K), 1 survivors (4096K)
 Metaspace       used 35001K, committed 35456K, reserved 1114112K
  class space    used 4453K, committed 4672K, reserved 1048576K
}
Event: 4.056 GC heap before
{Heap before GC invocations=8 (full 0):
 garbage-first heap   total 69632K, used 21040K [0x00000006c3400000, 0x0000000800000000)
  region size 4096K, 3 young (12288K), 1 survivors (4096K)
 Metaspace       used 35563K, committed 35968K, reserved 1114112K
  class space    used 4535K, committed 4736K, reserved 1048576K
}
Event: 4.062 GC heap after
{Heap after GC invocations=9 (full 0):
 garbage-first heap   total 69632K, used 17702K [0x00000006c3400000, 0x0000000800000000)
  region size 4096K, 1 young (4096K), 1 survivors (4096K)
 Metaspace       used 35563K, committed 35968K, reserved 1114112K
  class space    used 4535K, committed 4736K, reserved 1048576K
}
Event: 4.896 GC heap before
{Heap before GC invocations=10 (full 0):
 garbage-first heap   total 69632K, used 42278K [0x00000006c3400000, 0x0000000800000000)
  region size 4096K, 7 young (28672K), 1 survivors (4096K)
 Metaspace       used 39218K, committed 39808K, reserved 1114112K
  class space    used 5052K, committed 5312K, reserved 1048576K
}
Event: 4.900 GC heap after
{Heap after GC invocations=11 (full 0):
 garbage-first heap   total 69632K, used 19707K [0x00000006c3400000, 0x0000000800000000)
  region size 4096K, 1 young (4096K), 1 survivors (4096K)
 Metaspace       used 39218K, committed 39808K, reserved 1114112K
  class space    used 5052K, committed 5312K, reserved 1048576K
}
Event: 5.296 GC heap before
{Heap before GC invocations=11 (full 0):
 garbage-first heap   total 69632K, used 40187K [0x00000006c3400000, 0x0000000800000000)
  region size 4096K, 7 young (28672K), 1 survivors (4096K)
 Metaspace       used 42489K, committed 43008K, reserved 1114112K
  class space    used 5449K, committed 5696K, reserved 1048576K
}
Event: 5.302 GC heap after
{Heap after GC invocations=12 (full 0):
 garbage-first heap   total 69632K, used 22844K [0x00000006c3400000, 0x0000000800000000)
  region size 4096K, 1 young (4096K), 1 survivors (4096K)
 Metaspace       used 42489K, committed 43008K, reserved 1114112K
  class space    used 5449K, committed 5696K, reserved 1048576K
}
Event: 49.813 GC heap before
{Heap before GC invocations=12 (full 0):
 garbage-first heap   total 69632K, used 47420K [0x00000006c3400000, 0x0000000800000000)
  region size 4096K, 7 young (28672K), 1 survivors (4096K)
 Metaspace       used 47719K, committed 48384K, reserved 1114112K
  class space    used 6143K, committed 6464K, reserved 1048576K
}

